2014-09-30 09:12:36 Warning: Warning (512): <span style="color:Red;text-align:left"><b>SQL Error:</b> 1064: You have an error in your SQL syntax; check the manual that corresponds to your MySQL server version for the right syntax to use near 'INSERT INTO `categories` (`id`, `name`, `parent_id`, `lft`, `rght`) VALUES(2, 'F' at line 2</span> in [C:\cake\libs\model\datasources\dbo_source.php, line 685]
2014-09-30 09:15:19 Warning: Warning (512): <span style="color:Red;text-align:left"><b>SQL Error:</b> 1064: You have an error in your SQL syntax; check the manual that corresponds to your MySQL server version for the right syntax to use near 'mysqli_query' at line 1</span> in [C:\cake\libs\model\datasources\dbo_source.php, line 685]
2014-09-30 09:15:57 Warning: Warning (512): <span style="color:Red;text-align:left"><b>SQL Error:</b> 1064: You have an error in your SQL syntax; check the manual that corresponds to your MySQL server version for the right syntax to use near 'mysqli_query' at line 1</span> in [C:\cake\libs\model\datasources\dbo_source.php, line 685]
2014-09-30 09:16:15 Warning: Warning (512): <span style="color:Red;text-align:left"><b>SQL Error:</b> 1064: You have an error in your SQL syntax; check the manual that corresponds to your MySQL server version for the right syntax to use near 'mysqli_query' at line 1</span> in [C:\cake\libs\model\datasources\dbo_source.php, line 685]
2014-09-30 09:24:06 Warning: Warning (512): <span style="color:Red;text-align:left"><b>SQL Error:</b> 1064: You have an error in your SQL syntax; check the manual that corresponds to your MySQL server version for the right syntax to use near 'generatetreelist' at line 1</span> in [C:\cake\libs\model\datasources\dbo_source.php, line 685]
2014-09-30 09:25:07 Warning: Warning (512): <span style="color:Red;text-align:left"><b>SQL Error:</b> 1064: You have an error in your SQL syntax; check the manual that corresponds to your MySQL server version for the right syntax to use near 'generatetreelist' at line 1</span> in [C:\cake\libs\model\datasources\dbo_source.php, line 685]
2014-09-30 09:25:32 Warning: Warning (512): <span style="color:Red;text-align:left"><b>SQL Error:</b> 1064: You have an error in your SQL syntax; check the manual that corresponds to your MySQL server version for the right syntax to use near 'generatetreelist' at line 1</span> in [C:\cake\libs\model\datasources\dbo_source.php, line 685]
2014-09-30 09:25:34 Warning: Warning (512): <span style="color:Red;text-align:left"><b>SQL Error:</b> 1064: You have an error in your SQL syntax; check the manual that corresponds to your MySQL server version for the right syntax to use near 'generatetreelist' at line 1</span> in [C:\cake\libs\model\datasources\dbo_source.php, line 685]
2014-09-30 09:25:38 Warning: Warning (512): <span style="color:Red;text-align:left"><b>SQL Error:</b> 1064: You have an error in your SQL syntax; check the manual that corresponds to your MySQL server version for the right syntax to use near 'generatetreelist' at line 1</span> in [C:\cake\libs\model\datasources\dbo_source.php, line 685]
2014-09-30 09:29:41 Warning: Warning (512): <span style="color:Red;text-align:left"><b>SQL Error:</b> 1064: You have an error in your SQL syntax; check the manual that corresponds to your MySQL server version for the right syntax to use near 'generatetreelist' at line 1</span> in [C:\cake\libs\model\datasources\dbo_source.php, line 685]
2016-07-22 09:40:02 Warning: Warning (512): <span style="color:Red;text-align:left"><b>SQL Error:</b> 1052: Column 'parent_id' in where clause is ambiguous</span> in [C:\cake\libs\model\datasources\dbo_source.php, line 684]
2016-07-22 09:41:06 Warning: Warning (512): <span style="color:Red;text-align:left"><b>SQL Error:</b> 1052: Column 'parent_id' in where clause is ambiguous</span> in [C:\cake\libs\model\datasources\dbo_source.php, line 684]
2016-07-22 09:41:06 Warning: Warning (2): Invalid argument supplied for foreach() in [C:\cake\libs\model\model.php, line 2360]
2016-07-22 16:21:02 Warning: Warning (2): preg_match() expects parameter 2 to be string, array given in [C:\cake\libs\validation.php, line 946]
2016-07-22 16:23:15 Warning: Warning (2): preg_match() expects parameter 2 to be string, array given in [C:\cake\libs\validation.php, line 946]
2016-07-22 16:24:04 Warning: Warning (2): preg_match() expects parameter 2 to be string, array given in [C:\cake\libs\validation.php, line 946]
2016-07-22 16:38:57 Warning: Warning (2): preg_match() expects parameter 2 to be string, array given in [C:\cake\libs\validation.php, line 946]
2016-07-22 16:43:57 Warning: Warning (2): preg_match() expects parameter 2 to be string, array given in [C:\cake\libs\validation.php, line 946]
2016-07-22 16:44:16 Warning: Warning (2): preg_match() expects parameter 2 to be string, array given in [C:\cake\libs\validation.php, line 946]
2016-07-22 16:45:33 Warning: Warning (2): preg_match() expects parameter 2 to be string, array given in [C:\cake\libs\validation.php, line 946]
2016-07-22 16:50:48 Warning: Warning (2): preg_match() expects parameter 2 to be string, array given in [C:\cake\libs\validation.php, line 946]
2016-07-22 16:52:02 Warning: Warning (2): preg_match() expects parameter 2 to be string, array given in [C:\cake\libs\validation.php, line 946]
2016-07-22 16:53:47 Warning: Warning (2): preg_match() expects parameter 2 to be string, array given in [C:\cake\libs\validation.php, line 946]
2016-07-22 16:54:07 Warning: Warning (2): preg_match() expects parameter 2 to be string, array given in [C:\cake\libs\validation.php, line 946]
2016-07-22 16:56:55 Warning: Warning (2): preg_match() expects parameter 2 to be string, array given in [C:\cake\libs\validation.php, line 946]
2016-07-22 16:57:12 Warning: Warning (2): preg_match() expects parameter 2 to be string, array given in [C:\cake\libs\validation.php, line 946]
2016-07-22 16:57:16 Warning: Warning (2): preg_match() expects parameter 2 to be string, array given in [C:\cake\libs\validation.php, line 946]
2016-07-22 16:57:18 Warning: Warning (2): preg_match() expects parameter 2 to be string, array given in [C:\cake\libs\validation.php, line 946]
2016-07-22 16:57:22 Warning: Warning (2): preg_match() expects parameter 2 to be string, array given in [C:\cake\libs\validation.php, line 946]
2016-07-22 16:57:37 Warning: Warning (2): preg_match() expects parameter 2 to be string, array given in [C:\cake\libs\validation.php, line 946]
2016-07-22 16:57:51 Warning: Warning (2): preg_match() expects parameter 2 to be string, array given in [C:\cake\libs\validation.php, line 946]
2016-07-22 17:00:27 Warning: Warning (2): preg_match() expects parameter 2 to be string, array given in [C:\cake\libs\validation.php, line 946]
2016-07-22 17:00:44 Warning: Warning (2): preg_match() expects parameter 2 to be string, array given in [C:\cake\libs\validation.php, line 946]
2016-07-22 17:00:54 Warning: Warning (2): preg_match() expects parameter 2 to be string, array given in [C:\cake\libs\validation.php, line 946]
2016-07-22 17:02:44 Warning: Warning (2): preg_match() expects parameter 2 to be string, array given in [C:\cake\libs\validation.php, line 946]
2016-07-22 17:07:02 Warning: Warning (2): preg_match() expects parameter 2 to be string, array given in [C:\cake\libs\validation.php, line 949]
2016-07-22 17:07:18 Warning: Warning (2): preg_match() expects parameter 2 to be string, array given in [C:\cake\libs\validation.php, line 949]
2016-07-22 17:07:29 Warning: Warning (2): preg_match() expects parameter 2 to be string, array given in [C:\cake\libs\validation.php, line 949]
2016-07-22 17:07:35 Warning: Warning (2): preg_match() expects parameter 2 to be string, array given in [C:\cake\libs\validation.php, line 949]
2016-07-22 17:07:36 Warning: Warning (2): preg_match() expects parameter 2 to be string, array given in [C:\cake\libs\validation.php, line 949]
2016-07-22 17:18:02 Warning: Warning (2): preg_match() expects parameter 2 to be string, array given in [C:\cake\libs\validation.php, line 949]
2016-07-22 17:18:11 Warning: Warning (2): preg_match() expects parameter 2 to be string, array given in [C:\cake\libs\validation.php, line 949]
2016-07-22 17:28:22 Warning: Warning (2): preg_match() expects parameter 2 to be string, array given in [C:\cake\libs\validation.php, line 946]
2016-07-22 17:28:58 Warning: Warning (2): preg_match() expects parameter 2 to be string, array given in [C:\cake\libs\validation.php, line 946]
2016-07-22 17:29:01 Warning: Warning (2): preg_match() expects parameter 2 to be string, array given in [C:\cake\libs\validation.php, line 946]
2016-07-22 17:29:02 Warning: Warning (2): preg_match() expects parameter 2 to be string, array given in [C:\cake\libs\validation.php, line 946]
2016-07-22 17:29:02 Warning: Warning (2): preg_match() expects parameter 2 to be string, array given in [C:\cake\libs\validation.php, line 946]
2016-07-22 17:29:03 Warning: Warning (2): preg_match() expects parameter 2 to be string, array given in [C:\cake\libs\validation.php, line 946]
2016-07-22 17:29:03 Warning: Warning (2): preg_match() expects parameter 2 to be string, array given in [C:\cake\libs\validation.php, line 946]
2016-07-22 17:29:04 Warning: Warning (2): preg_match() expects parameter 2 to be string, array given in [C:\cake\libs\validation.php, line 946]
2016-07-22 17:29:04 Warning: Warning (2): preg_match() expects parameter 2 to be string, array given in [C:\cake\libs\validation.php, line 946]
2016-07-22 17:36:44 Warning: Warning (2): preg_match() expects parameter 2 to be string, array given in [C:\cake\libs\validation.php, line 946]
2016-07-22 17:37:10 Warning: Warning (2): preg_match() expects parameter 2 to be string, array given in [C:\cake\libs\validation.php, line 946]
2016-07-22 17:42:45 Warning: Warning (2): preg_match() expects parameter 2 to be string, array given in [C:\cake\libs\validation.php, line 946]
2016-07-23 08:51:11 Warning: Warning (2): session_destroy() [<a href='http://php.net/function.session-destroy'>function.session-destroy</a>]: Session object destruction failed in [C:\cake\libs\cake_session.php, line 458]
2016-07-24 08:46:49 Warning: Warning (2): move_uploaded_file(C:\wamp\www\sesephil\webroot\/img/inquiry files/TYPING.docx) [<a href='http://php.net/function.move-uploaded-file'>function.move-uploaded-file</a>]: failed to open stream: Permission denied in [C:\wamp\www\sesephil\controllers\inquiry_files_controller.php, line 128]
2016-07-24 08:46:49 Warning: Warning (2): move_uploaded_file() [<a href='http://php.net/function.move-uploaded-file'>function.move-uploaded-file</a>]: Unable to move 'C:\wamp\tmp\php1F23.tmp' to 'C:\wamp\www\sesephil\webroot\/img/inquiry files/TYPING.docx' in [C:\wamp\www\sesephil\controllers\inquiry_files_controller.php, line 128]
2016-07-24 08:47:17 Warning: Warning (2): move_uploaded_file(C:\wamp\www\sesephil\webroot\/img/inquiry files/TYPING.docx) [<a href='http://php.net/function.move-uploaded-file'>function.move-uploaded-file</a>]: failed to open stream: Permission denied in [C:\wamp\www\sesephil\controllers\inquiry_files_controller.php, line 128]
2016-07-24 08:47:17 Warning: Warning (2): move_uploaded_file() [<a href='http://php.net/function.move-uploaded-file'>function.move-uploaded-file</a>]: Unable to move 'C:\wamp\tmp\php8E99.tmp' to 'C:\wamp\www\sesephil\webroot\/img/inquiry files/TYPING.docx' in [C:\wamp\www\sesephil\controllers\inquiry_files_controller.php, line 128]
2016-07-24 08:48:40 Warning: Warning (512): <span style="color:Red;text-align:left"><b>SQL Error:</b> 1054: Unknown column 'Array' in 'field list'</span> in [C:\cake\libs\model\datasources\dbo_source.php, line 684]
2016-07-24 09:17:00 Warning: Warning (512): <span style="color:Red;text-align:left"><b>SQL Error:</b> 1054: Unknown column 'Array' in 'field list'</span> in [C:\cake\libs\model\datasources\dbo_source.php, line 684]
2016-07-24 09:17:00 Warning: Warning (2): Cannot modify header information - headers already sent by (output started at C:\cake\libs\debugger.php:686) in [C:\cake\libs\controller\controller.php, line 742]
2016-07-24 09:19:38 Warning: Warning (2): Illegal string offset 'inquiry_id' in [C:\cake\libs\model\model.php, line 1716]
2016-07-24 09:19:38 Warning: Warning (2): Cannot modify header information - headers already sent by (output started at C:\cake\libs\debugger.php:686) in [C:\cake\libs\controller\controller.php, line 742]
2016-07-24 09:23:43 Warning: Warning (2): Illegal string offset 'inquiry_id' in [C:\cake\libs\model\model.php, line 1716]
2016-07-24 09:23:43 Warning: Warning (2): Cannot modify header information - headers already sent by (output started at C:\cake\libs\debugger.php:686) in [C:\cake\libs\controller\controller.php, line 742]
2016-07-24 09:26:33 Warning: Warning (2): Illegal string offset 'inquiry_id' in [C:\cake\libs\model\model.php, line 1716]
2016-07-24 09:26:33 Warning: Warning (2): Cannot modify header information - headers already sent by (output started at C:\cake\libs\debugger.php:686) in [C:\cake\libs\controller\controller.php, line 742]
2016-07-24 09:36:07 Warning: Warning (2): Illegal string offset 'inquiry_id' in [C:\cake\libs\model\model.php, line 1716]
2016-07-24 09:36:07 Warning: Warning (2): Cannot modify header information - headers already sent by (output started at C:\cake\libs\debugger.php:686) in [C:\cake\libs\controller\controller.php, line 742]
2016-07-24 10:22:12 Warning: Warning (2): move_uploaded_file(C:\wamp\www\sesephil\webroot\/img/inquiry files/1/sesephil.jpg) [<a href='http://php.net/function.move-uploaded-file'>function.move-uploaded-file</a>]: failed to open stream: No such file or directory in [C:\wamp\www\sesephil\controllers\inquiries_controller.php, line 132]
2016-07-24 10:22:12 Warning: Warning (2): move_uploaded_file() [<a href='http://php.net/function.move-uploaded-file'>function.move-uploaded-file</a>]: Unable to move 'C:\wamp\tmp\php7416.tmp' to 'C:\wamp\www\sesephil\webroot\/img/inquiry files/1/sesephil.jpg' in [C:\wamp\www\sesephil\controllers\inquiries_controller.php, line 132]
2016-07-24 10:22:12 Warning: Warning (2): Cannot modify header information - headers already sent by (output started at C:\cake\libs\debugger.php:686) in [C:\cake\libs\controller\controller.php, line 742]
2016-07-24 10:23:46 Warning: Warning (2): move_uploaded_file(C:\wamp\www\sesephil\webroot\/img/inquiry files/1/paul.jpg) [<a href='http://php.net/function.move-uploaded-file'>function.move-uploaded-file</a>]: failed to open stream: No such file or directory in [C:\wamp\www\sesephil\controllers\inquiries_controller.php, line 132]
2016-07-24 10:23:46 Warning: Warning (2): move_uploaded_file() [<a href='http://php.net/function.move-uploaded-file'>function.move-uploaded-file</a>]: Unable to move 'C:\wamp\tmp\phpE2C1.tmp' to 'C:\wamp\www\sesephil\webroot\/img/inquiry files/1/paul.jpg' in [C:\wamp\www\sesephil\controllers\inquiries_controller.php, line 132]
2016-07-24 10:23:46 Warning: Warning (2): Cannot modify header information - headers already sent by (output started at C:\cake\libs\debugger.php:686) in [C:\cake\libs\controller\controller.php, line 742]
2016-07-24 10:34:01 Warning: Warning (4096): Object of class Folder could not be converted to string in [C:\wamp\www\sesephil\controllers\inquiries_controller.php, line 133]
2016-07-24 10:36:56 Warning: Warning (4096): Object of class Folder could not be converted to string in [C:\wamp\www\sesephil\controllers\inquiries_controller.php, line 134]
2016-07-24 11:20:46 Warning: Warning (512): <span style="color:Red;text-align:left"><b>SQL Error:</b> 1054: Unknown column 'Array' in 'field list'</span> in [C:\cake\libs\model\datasources\dbo_source.php, line 684]
2016-07-24 11:21:10 Warning: Warning (512): <span style="color:Red;text-align:left"><b>SQL Error:</b> 1054: Unknown column 'Array' in 'field list'</span> in [C:\cake\libs\model\datasources\dbo_source.php, line 684]
2016-07-24 11:34:00 Warning: Warning (2): Missing argument 1 for InquiriesController::send_mail_using_smtp(), called in C:\wamp\www\sesephil\controllers\inquiries_controller.php on line 162 and defined in [C:\wamp\www\sesephil\controllers\inquiries_controller.php, line 174]
2016-07-24 11:34:00 Warning: Warning (2): Missing argument 2 for InquiriesController::send_mail_using_smtp(), called in C:\wamp\www\sesephil\controllers\inquiries_controller.php on line 162 and defined in [C:\wamp\www\sesephil\controllers\inquiries_controller.php, line 174]
2016-07-24 11:34:00 Warning: Warning (2): Missing argument 3 for InquiriesController::send_mail_using_smtp(), called in C:\wamp\www\sesephil\controllers\inquiries_controller.php on line 162 and defined in [C:\wamp\www\sesephil\controllers\inquiries_controller.php, line 174]
2016-07-24 11:38:49 Warning: Warning (2): Creating default object from empty value in [C:\wamp\www\sesephil\controllers\inquiries_controller.php, line 183]
2016-07-26 13:01:16 Warning: Warning (2): session_destroy() [<a href='http://php.net/function.session-destroy'>function.session-destroy</a>]: Session object destruction failed in [C:\cake\libs\cake_session.php, line 458]
2016-07-26 13:01:23 Warning: Warning (2): mysql_connect() [<a href='http://php.net/function.mysql-connect'>function.mysql-connect</a>]: No connection could be made because the target machine actively refused it.
 in [C:\cake\libs\model\datasources\dbo\dbo_mysql.php, line 561]
2016-07-26 13:01:23 Warning: Warning (2): mysql_connect() [<a href='http://php.net/function.mysql-connect'>function.mysql-connect</a>]: No connection could be made because the target machine actively refused it.
 in [C:\cake\libs\model\datasources\dbo\dbo_mysql.php, line 561]
2016-07-26 13:01:23 Warning: Warning (2): mysql_query() expects parameter 2 to be resource, boolean given in [C:\cake\libs\model\datasources\dbo\dbo_mysql.php, line 613]
2016-07-26 13:01:23 Warning: Warning (2): mysql_query() expects parameter 2 to be resource, boolean given in [C:\cake\libs\model\datasources\dbo\dbo_mysql.php, line 613]
2016-07-26 13:01:23 Warning: Warning (2): Cannot modify header information - headers already sent by (output started at C:\cake\libs\debugger.php:686) in [C:\cake\libs\controller\controller.php, line 742]
2016-07-26 13:01:27 Warning: Warning (2): mysql_connect() [<a href='http://php.net/function.mysql-connect'>function.mysql-connect</a>]: No connection could be made because the target machine actively refused it.
 in [C:\cake\libs\model\datasources\dbo\dbo_mysql.php, line 561]
2016-07-26 13:01:27 Warning: Warning (2): mysql_connect() [<a href='http://php.net/function.mysql-connect'>function.mysql-connect</a>]: No connection could be made because the target machine actively refused it.
 in [C:\cake\libs\model\datasources\dbo\dbo_mysql.php, line 561]
2016-07-26 13:01:27 Warning: Warning (2): mysql_query() expects parameter 2 to be resource, boolean given in [C:\cake\libs\model\datasources\dbo\dbo_mysql.php, line 613]
2016-07-26 13:01:27 Warning: Warning (2): mysql_query() expects parameter 2 to be resource, boolean given in [C:\cake\libs\model\datasources\dbo\dbo_mysql.php, line 613]
2016-07-26 13:01:27 Warning: Warning (2): Cannot modify header information - headers already sent by (output started at C:\cake\libs\debugger.php:686) in [C:\cake\libs\controller\controller.php, line 742]
2016-07-26 13:01:27 Warning: Warning (2): Cannot modify header information - headers already sent by (output started at C:\cake\libs\debugger.php:686) in [C:\cake\libs\controller\controller.php, line 742]
2016-07-26 13:01:36 Warning: Warning (2): mysql_connect() [<a href='http://php.net/function.mysql-connect'>function.mysql-connect</a>]: No connection could be made because the target machine actively refused it.
 in [C:\cake\libs\model\datasources\dbo\dbo_mysql.php, line 561]
2016-07-26 13:01:36 Warning: Warning (2): mysql_connect() [<a href='http://php.net/function.mysql-connect'>function.mysql-connect</a>]: No connection could be made because the target machine actively refused it.
 in [C:\cake\libs\model\datasources\dbo\dbo_mysql.php, line 561]
2016-07-26 13:01:36 Warning: Warning (2): mysql_query() expects parameter 2 to be resource, boolean given in [C:\cake\libs\model\datasources\dbo\dbo_mysql.php, line 613]
2016-07-26 13:01:36 Warning: Warning (2): mysql_query() expects parameter 2 to be resource, boolean given in [C:\cake\libs\model\datasources\dbo\dbo_mysql.php, line 613]
2016-07-26 13:01:36 Warning: Warning (2): Cannot modify header information - headers already sent by (output started at C:\cake\libs\debugger.php:686) in [C:\cake\libs\controller\controller.php, line 742]
2016-07-26 13:01:36 Warning: Warning (2): Cannot modify header information - headers already sent by (output started at C:\cake\libs\debugger.php:686) in [C:\cake\libs\controller\controller.php, line 742]
2016-07-26 13:01:38 Warning: Warning (2): mysql_connect() [<a href='http://php.net/function.mysql-connect'>function.mysql-connect</a>]: No connection could be made because the target machine actively refused it.
 in [C:\cake\libs\model\datasources\dbo\dbo_mysql.php, line 561]
2016-07-26 13:01:38 Warning: Warning (2): mysql_connect() [<a href='http://php.net/function.mysql-connect'>function.mysql-connect</a>]: No connection could be made because the target machine actively refused it.
 in [C:\cake\libs\model\datasources\dbo\dbo_mysql.php, line 561]
2016-07-26 13:01:38 Warning: Warning (2): mysql_query() expects parameter 2 to be resource, boolean given in [C:\cake\libs\model\datasources\dbo\dbo_mysql.php, line 613]
2016-07-26 13:01:38 Warning: Warning (2): mysql_query() expects parameter 2 to be resource, boolean given in [C:\cake\libs\model\datasources\dbo\dbo_mysql.php, line 613]
2016-07-26 13:01:38 Warning: Warning (2): Cannot modify header information - headers already sent by (output started at C:\cake\libs\debugger.php:686) in [C:\cake\libs\controller\controller.php, line 742]
2016-07-26 13:01:38 Warning: Warning (2): Cannot modify header information - headers already sent by (output started at C:\cake\libs\debugger.php:686) in [C:\cake\libs\controller\controller.php, line 742]
2016-07-27 09:43:20 Warning: Warning (2): unlink(C:\wamp\www\sesephil\tmp\cache\models\cake_model_default_products) [<a href='http://php.net/function.unlink'>function.unlink</a>]: No such file or directory in [C:\cake\libs\file.php, line 298]
2016-07-27 10:15:41 Warning: Warning (2): preg_replace() [<a href='http://php.net/function.preg-replace'>function.preg-replace</a>]: Unknown modifier '\' in [C:\wamp\www\sesephil\controllers\manufacturers_controller.php, line 23]
2016-07-27 12:10:46 Warning: Warning (2): Creating default object from empty value in [C:\wamp\www\sesephil\controllers\users_controller.php, line 10]
2016-07-27 12:11:07 Warning: Warning (2): Creating default object from empty value in [C:\wamp\www\sesephil\controllers\users_controller.php, line 10]
2016-07-27 12:11:08 Warning: Warning (2): Creating default object from empty value in [C:\wamp\www\sesephil\controllers\users_controller.php, line 10]
2016-07-27 12:11:09 Warning: Warning (2): Creating default object from empty value in [C:\wamp\www\sesephil\controllers\users_controller.php, line 10]
2016-07-27 12:11:09 Warning: Warning (2): Creating default object from empty value in [C:\wamp\www\sesephil\controllers\users_controller.php, line 10]
2016-07-27 12:11:09 Warning: Warning (2): Creating default object from empty value in [C:\wamp\www\sesephil\controllers\users_controller.php, line 10]
2016-07-27 12:11:09 Warning: Warning (2): Creating default object from empty value in [C:\wamp\www\sesephil\controllers\users_controller.php, line 10]
2016-07-28 09:03:52 Warning: Warning (2): mysql_connect() [<a href='http://php.net/function.mysql-connect'>function.mysql-connect</a>]: No connection could be made because the target machine actively refused it.
 in [C:\cake\libs\model\datasources\dbo\dbo_mysql.php, line 561]
2016-07-28 09:03:52 Warning: Warning (2): mysql_query() expects parameter 2 to be resource, boolean given in [C:\cake\libs\model\datasources\dbo\dbo_mysql.php, line 613]
2016-07-28 09:03:52 Warning: Warning (2): Cannot modify header information - headers already sent by (output started at C:\cake\libs\debugger.php:686) in [C:\cake\libs\controller\controller.php, line 742]
2016-07-30 08:38:40 Warning: Warning (512): Method HtmlHelper::addCrumbs does not exist in [C:\cake\libs\view\helper.php, line 154]
2016-07-30 08:38:55 Warning: Warning (512): Method HtmlHelper::addCrumbs does not exist in [C:\cake\libs\view\helper.php, line 154]
2016-07-30 08:39:28 Warning: Warning (512): Method HtmlHelper::addCrumbs does not exist in [C:\cake\libs\view\helper.php, line 154]
2016-07-30 08:40:24 Warning: Warning (512): Method HtmlHelper::addCrumbs does not exist in [C:\cake\libs\view\helper.php, line 154]
2016-07-30 08:40:26 Warning: Warning (512): Method HtmlHelper::addCrumbs does not exist in [C:\cake\libs\view\helper.php, line 154]
2016-07-30 08:40:27 Warning: Warning (512): Method HtmlHelper::addCrumbs does not exist in [C:\cake\libs\view\helper.php, line 154]
2016-07-30 08:40:32 Warning: Warning (512): Method HtmlHelper::addCrumbs does not exist in [C:\cake\libs\view\helper.php, line 154]
2016-07-30 08:40:42 Warning: Warning (512): Method HtmlHelper::addCrumbs does not exist in [C:\cake\libs\view\helper.php, line 154]
2016-07-30 08:40:46 Warning: Warning (512): Method HtmlHelper::addCrumbs does not exist in [C:\cake\libs\view\helper.php, line 154]
2016-07-30 08:40:48 Warning: Warning (512): Method HtmlHelper::addCrumbs does not exist in [C:\cake\libs\view\helper.php, line 154]
2016-07-30 08:40:54 Warning: Warning (512): Method HtmlHelper::addCrumbs does not exist in [C:\cake\libs\view\helper.php, line 154]
2016-07-30 08:41:20 Warning: Warning (512): Method HtmlHelper::addCrumbs does not exist in [C:\cake\libs\view\helper.php, line 154]
2016-07-30 08:41:22 Warning: Warning (512): Method HtmlHelper::addCrumbs does not exist in [C:\cake\libs\view\helper.php, line 154]
2016-07-30 08:41:58 Warning: Warning (512): Method HtmlHelper::addCrumbs does not exist in [C:\cake\libs\view\helper.php, line 154]
2016-07-30 08:42:14 Warning: Warning (512): Method HtmlHelper::addCrumbs does not exist in [C:\cake\libs\view\helper.php, line 154]
2016-07-30 08:42:29 Warning: Warning (512): Method HtmlHelper::addCrumbs does not exist in [C:\cake\libs\view\helper.php, line 154]
2016-07-30 08:42:34 Warning: Warning (512): Method HtmlHelper::addCrumbs does not exist in [C:\cake\libs\view\helper.php, line 154]
2016-07-30 08:42:45 Warning: Warning (512): Method HtmlHelper::addCrumbs does not exist in [C:\cake\libs\view\helper.php, line 154]
2016-07-30 08:43:03 Warning: Warning (512): Method HtmlHelper::addCrumbs does not exist in [C:\cake\libs\view\helper.php, line 154]
2016-07-30 19:45:23 Warning: Warning (2): mysql_connect() [<a href='http://php.net/function.mysql-connect'>function.mysql-connect</a>]: No connection could be made because the target machine actively refused it.
 in [C:\cake\libs\model\datasources\dbo\dbo_mysql.php, line 561]
2016-07-30 19:45:23 Warning: Warning (2): mysql_query() expects parameter 2 to be resource, boolean given in [C:\cake\libs\model\datasources\dbo\dbo_mysql.php, line 613]
2016-07-30 19:45:23 Warning: Warning (2): Cannot modify header information - headers already sent by (output started at C:\cake\libs\debugger.php:686) in [C:\cake\libs\controller\controller.php, line 742]
2016-07-31 10:09:10 Warning: Warning (2): Missing argument 1 for HtmlHelper::addCrumb(), called in C:\wamp\www\sesephil\views\pages\home.ctp on line 1 and defined in [C:\cake\libs\view\helpers\html.php, line 143]
2016-07-31 10:11:40 Warning: Warning (2): unlink(C:\wamp\www\sesephil\tmp\cache\persistent\cake_core_file_map) [<a href='http://php.net/function.unlink'>function.unlink</a>]: No such file or directory in [C:\cake\libs\file.php, line 298]
2016-08-02 07:10:55 Warning: Warning (2): session_destroy() [<a href='http://php.net/function.session-destroy'>function.session-destroy</a>]: Session object destruction failed in [C:\cake\libs\cake_session.php, line 458]
2016-08-02 08:59:44 Warning: Warning (2): mysql_connect() [<a href='http://php.net/function.mysql-connect'>function.mysql-connect</a>]: Host 'PKerRoj-PC' is not allowed to connect to this MySQL server in [C:\cake\libs\model\datasources\dbo\dbo_mysql.php, line 561]
2016-08-02 08:59:44 Warning: Warning (2): mysql_query() expects parameter 2 to be resource, boolean given in [C:\cake\libs\model\datasources\dbo\dbo_mysql.php, line 613]
2016-08-02 08:59:45 Warning: Warning (2): Cannot modify header information - headers already sent by (output started at C:\cake\libs\debugger.php:686) in [C:\cake\libs\controller\controller.php, line 742]
2016-08-02 09:00:24 Warning: Warning (2): mysql_connect() [<a href='http://php.net/function.mysql-connect'>function.mysql-connect</a>]: Host 'PKerRoj-PC' is not allowed to connect to this MySQL server in [C:\cake\libs\model\datasources\dbo\dbo_mysql.php, line 561]
2016-08-02 09:00:24 Warning: Warning (2): mysql_query() expects parameter 2 to be resource, boolean given in [C:\cake\libs\model\datasources\dbo\dbo_mysql.php, line 613]
2016-08-02 09:00:24 Warning: Warning (2): Cannot modify header information - headers already sent by (output started at C:\cake\libs\debugger.php:686) in [C:\cake\libs\controller\controller.php, line 742]
2016-08-02 09:00:38 Warning: Warning (2): mysql_connect() [<a href='http://php.net/function.mysql-connect'>function.mysql-connect</a>]: Host 'PKerRoj-PC' is not allowed to connect to this MySQL server in [C:\cake\libs\model\datasources\dbo\dbo_mysql.php, line 561]
2016-08-02 09:00:38 Warning: Warning (2): mysql_query() expects parameter 2 to be resource, boolean given in [C:\cake\libs\model\datasources\dbo\dbo_mysql.php, line 613]
2016-08-02 09:00:38 Warning: Warning (2): Cannot modify header information - headers already sent by (output started at C:\cake\libs\debugger.php:686) in [C:\cake\libs\controller\controller.php, line 742]
2016-08-02 20:16:40 Warning: Warning (2): unlink(C:\wamp\www\sesephil\tmp\cache\models\cake_model_default_manufacturers) [<a href='http://php.net/function.unlink'>function.unlink</a>]: No such file or directory in [C:\cake\libs\file.php, line 298]
2016-08-03 07:58:06 Warning: Warning (2): session_destroy() [<a href='http://php.net/function.session-destroy'>function.session-destroy</a>]: Session object destruction failed in [C:\cake\libs\cake_session.php, line 458]
2016-08-03 07:58:20 Warning: Warning (2): unlink(C:\wamp\www\sesephil\tmp\cache\models\cake_model_default_documents) [<a href='http://php.net/function.unlink'>function.unlink</a>]: No such file or directory in [C:\cake\libs\file.php, line 298]
2016-08-03 09:50:11 Warning: Warning (512): <span style="color:Red;text-align:left"><b>SQL Error:</b> 1054: Unknown column 'ProductImage.slug' in 'where clause'</span> in [C:\cake\libs\model\datasources\dbo_source.php, line 684]
2016-08-03 10:52:57 Warning: Warning (2): mysql_connect() [<a href='http://php.net/function.mysql-connect'>function.mysql-connect</a>]: No connection could be made because the target machine actively refused it.
 in [C:\cake\libs\model\datasources\dbo\dbo_mysql.php, line 561]
2016-08-03 10:52:57 Warning: Warning (2): mysql_query() expects parameter 2 to be resource, boolean given in [C:\cake\libs\model\datasources\dbo\dbo_mysql.php, line 613]
2016-08-03 10:52:57 Warning: Warning (2): mysql_query() expects parameter 2 to be resource, boolean given in [C:\cake\libs\model\datasources\dbo\dbo_mysql.php, line 613]
2016-08-03 10:52:57 Warning: Warning (2): Cannot modify header information - headers already sent by (output started at C:\cake\libs\debugger.php:686) in [C:\cake\libs\controller\controller.php, line 742]
2016-08-03 10:52:57 Warning: Warning (2): Cannot modify header information - headers already sent by (output started at C:\cake\libs\debugger.php:686) in [C:\cake\libs\controller\controller.php, line 742]
2016-08-03 14:21:36 Warning: Warning (2): mysql_connect() [<a href='http://php.net/function.mysql-connect'>function.mysql-connect</a>]: No connection could be made because the target machine actively refused it.
 in [C:\cake\libs\model\datasources\dbo\dbo_mysql.php, line 561]
2016-08-03 14:21:36 Warning: Warning (2): mysql_connect() [<a href='http://php.net/function.mysql-connect'>function.mysql-connect</a>]: No connection could be made because the target machine actively refused it.
 in [C:\cake\libs\model\datasources\dbo\dbo_mysql.php, line 561]
2016-08-03 14:21:36 Warning: Warning (2): mysql_query() expects parameter 2 to be resource, boolean given in [C:\cake\libs\model\datasources\dbo\dbo_mysql.php, line 613]
2016-08-03 14:21:36 Warning: Warning (2): mysql_query() expects parameter 2 to be resource, boolean given in [C:\cake\libs\model\datasources\dbo\dbo_mysql.php, line 613]
2016-08-03 14:21:36 Warning: Warning (2): Cannot modify header information - headers already sent by (output started at C:\cake\libs\debugger.php:686) in [C:\cake\libs\controller\controller.php, line 742]
2016-08-03 14:21:36 Warning: Warning (2): Cannot modify header information - headers already sent by (output started at C:\cake\libs\debugger.php:686) in [C:\cake\libs\controller\controller.php, line 742]
2016-08-03 14:24:53 Warning: Warning (2): Missing argument 1 for AccessComponent::check(), called in C:\wamp\www\sesephil\controllers\products_controller.php on line 26 and defined in [C:\wamp\www\sesephil\controllers\components\access.php, line 9]
2016-08-03 15:51:57 Warning: Warning (2): mysql_connect() [<a href='http://php.net/function.mysql-connect'>function.mysql-connect</a>]: No connection could be made because the target machine actively refused it.
 in [C:\cake\libs\model\datasources\dbo\dbo_mysql.php, line 561]
2016-08-03 15:51:57 Warning: Warning (2): mysql_query() expects parameter 2 to be resource, boolean given in [C:\cake\libs\model\datasources\dbo\dbo_mysql.php, line 613]
2016-08-03 15:51:58 Warning: Warning (2): mysql_connect() [<a href='http://php.net/function.mysql-connect'>function.mysql-connect</a>]: No connection could be made because the target machine actively refused it.
 in [C:\cake\libs\model\datasources\dbo\dbo_mysql.php, line 561]
2016-08-03 15:51:58 Warning: Warning (2): mysql_query() expects parameter 2 to be resource, boolean given in [C:\cake\libs\model\datasources\dbo\dbo_mysql.php, line 613]
2016-08-03 15:51:58 Warning: Warning (2): Cannot modify header information - headers already sent by (output started at C:\cake\libs\debugger.php:686) in [C:\cake\libs\controller\controller.php, line 742]
2016-08-03 15:51:58 Warning: Warning (2): Cannot modify header information - headers already sent by (output started at C:\cake\libs\debugger.php:686) in [C:\cake\libs\controller\controller.php, line 742]
2016-08-03 15:51:59 Warning: Warning (2): mysql_connect() [<a href='http://php.net/function.mysql-connect'>function.mysql-connect</a>]: No connection could be made because the target machine actively refused it.
 in [C:\cake\libs\model\datasources\dbo\dbo_mysql.php, line 561]
2016-08-03 15:51:59 Warning: Warning (2): mysql_query() expects parameter 2 to be resource, boolean given in [C:\cake\libs\model\datasources\dbo\dbo_mysql.php, line 613]
2016-08-03 15:51:59 Warning: Warning (2): Cannot modify header information - headers already sent by (output started at C:\cake\libs\debugger.php:686) in [C:\cake\libs\controller\controller.php, line 742]
2016-08-04 11:34:22 Warning: Warning (2): Missing argument 1 for AccessComponent::getmy(), called in C:\wamp\www\sesephil\controllers\products_controller.php on line 26 and defined in [C:\wamp\www\sesephil\controllers\components\access.php, line 27]
2016-08-04 12:09:50 Warning: Warning (512): DbAcl::check() - Failed ARO/ACO node lookup in permissions check.  Node references:
Aro: User::1
Aco: User in [C:\cake\libs\controller\components\acl.php, line 273]
2016-08-04 12:15:39 Warning: Warning (512): DbAcl::check() - Failed ARO/ACO node lookup in permissions check.  Node references:
Aro: User::1
Aco: User in [C:\cake\libs\controller\components\acl.php, line 273]
2016-08-04 12:15:45 Warning: Warning (512): DbAcl::check() - Failed ARO/ACO node lookup in permissions check.  Node references:
Aro: User::1
Aco: User in [C:\cake\libs\controller\components\acl.php, line 273]
2016-08-05 06:27:54 Warning: Warning (2): mysql_connect() [<a href='http://php.net/function.mysql-connect'>function.mysql-connect</a>]: No connection could be made because the target machine actively refused it.
 in [C:\cake\libs\model\datasources\dbo\dbo_mysql.php, line 561]
2016-08-05 06:27:54 Warning: Warning (2): mysql_query() expects parameter 2 to be resource, boolean given in [C:\cake\libs\model\datasources\dbo\dbo_mysql.php, line 613]
2016-08-05 06:27:54 Warning: Warning (2): Cannot modify header information - headers already sent by (output started at C:\cake\libs\debugger.php:686) in [C:\cake\libs\controller\controller.php, line 742]
2016-08-05 06:28:11 Warning: Warning (2): mysql_connect() [<a href='http://php.net/function.mysql-connect'>function.mysql-connect</a>]: No connection could be made because the target machine actively refused it.
 in [C:\cake\libs\model\datasources\dbo\dbo_mysql.php, line 561]
2016-08-05 06:28:11 Warning: Warning (2): mysql_query() expects parameter 2 to be resource, boolean given in [C:\cake\libs\model\datasources\dbo\dbo_mysql.php, line 613]
2016-08-05 06:28:11 Warning: Warning (2): Cannot modify header information - headers already sent by (output started at C:\cake\libs\debugger.php:686) in [C:\cake\libs\controller\controller.php, line 742]
2016-08-05 14:49:23 Warning: Warning (2): split() expects at least 2 parameters, 1 given in [C:\wamp\www\sesephil\views\products\index.ctp, line 1]
2016-08-05 14:50:00 Warning: Warning (2): unlink(C:\wamp\www\sesephil\tmp\cache\models\cake_model_default_inquiry_files) [<a href='http://php.net/function.unlink'>function.unlink</a>]: No such file or directory in [C:\wamp\www\sesephil\cake\libs\file.php, line 298]
2016-08-05 14:50:00 Warning: Warning (2): unlink(C:\wamp\www\sesephil\tmp\cache\models\cake_model_default_users) [<a href='http://php.net/function.unlink'>function.unlink</a>]: No such file or directory in [C:\wamp\www\sesephil\cake\libs\file.php, line 298]
2016-08-05 14:50:00 Warning: Warning (2): unlink(C:\wamp\www\sesephil\tmp\cache\models\cake_model_default_inquiry_files) [<a href='http://php.net/function.unlink'>function.unlink</a>]: No such file or directory in [C:\wamp\www\sesephil\cake\libs\file.php, line 298]
2016-08-05 14:50:00 Warning: Warning (2): fopen(C:\wamp\www\sesephil\tmp\cache\models\cake_model_default_documents) [<a href='http://php.net/function.fopen'>function.fopen</a>]: failed to open stream: No such file or directory in [C:\wamp\www\sesephil\cake\libs\file.php, line 152]
2016-08-05 14:50:00 Warning: Warning (2): fopen(C:\wamp\www\sesephil\tmp\cache\models\cake_model_default_contents) [<a href='http://php.net/function.fopen'>function.fopen</a>]: failed to open stream: Permission denied in [C:\wamp\www\sesephil\cake\libs\file.php, line 152]
2016-08-05 14:50:43 Warning: Warning (2): split() expects at least 2 parameters, 1 given in [C:\wamp\www\sesephil\views\products\index.ctp, line 1]
2016-08-08 08:07:41 Warning: Warning (2): mysql_connect() [<a href='http://php.net/function.mysql-connect'>function.mysql-connect</a>]: No connection could be made because the target machine actively refused it.
 in [C:\wamp\www\sesephil\cake\libs\model\datasources\dbo\dbo_mysql.php, line 561]
2016-08-08 08:07:41 Warning: Warning (2): mysql_query() expects parameter 2 to be resource, boolean given in [C:\wamp\www\sesephil\cake\libs\model\datasources\dbo\dbo_mysql.php, line 613]
2016-08-08 08:07:42 Warning: Warning (2): Cannot modify header information - headers already sent by (output started at C:\wamp\www\sesephil\cake\libs\debugger.php:686) in [C:\wamp\www\sesephil\cake\libs\controller\controller.php, line 742]
2016-08-08 16:28:33 Warning: Warning (2): mysql_connect() [<a href='http://php.net/function.mysql-connect'>function.mysql-connect</a>]: php_network_getaddresses: getaddrinfo failed: No such host is known.  in [C:\wamp\www\sesephil\cake\libs\model\datasources\dbo\dbo_mysql.php, line 561]
2016-08-08 16:28:33 Warning: Warning (2): mysql_query() expects parameter 2 to be resource, boolean given in [C:\wamp\www\sesephil\cake\libs\model\datasources\dbo\dbo_mysql.php, line 613]
2016-08-08 16:28:33 Warning: Warning (2): Cannot modify header information - headers already sent by (output started at C:\wamp\www\sesephil\cake\libs\debugger.php:686) in [C:\wamp\www\sesephil\cake\libs\controller\controller.php, line 742]
2016-08-08 16:28:46 Warning: Warning (2): mysql_connect() [<a href='http://php.net/function.mysql-connect'>function.mysql-connect</a>]: php_network_getaddresses: getaddrinfo failed: No such host is known.  in [C:\wamp\www\sesephil\cake\libs\model\datasources\dbo\dbo_mysql.php, line 561]
2016-08-08 16:28:46 Warning: Warning (2): mysql_query() expects parameter 2 to be resource, boolean given in [C:\wamp\www\sesephil\cake\libs\model\datasources\dbo\dbo_mysql.php, line 613]
2016-08-08 16:28:46 Warning: Warning (2): Cannot modify header information - headers already sent by (output started at C:\wamp\www\sesephil\cake\libs\debugger.php:686) in [C:\wamp\www\sesephil\cake\libs\controller\controller.php, line 742]
2016-08-08 16:29:05 Warning: Warning (2): mysql_connect() [<a href='http://php.net/function.mysql-connect'>function.mysql-connect</a>]: php_network_getaddresses: getaddrinfo failed: No such host is known.  in [C:\wamp\www\sesephil\cake\libs\model\datasources\dbo\dbo_mysql.php, line 561]
2016-08-08 16:29:05 Warning: Warning (2): mysql_query() expects parameter 2 to be resource, boolean given in [C:\wamp\www\sesephil\cake\libs\model\datasources\dbo\dbo_mysql.php, line 613]
2016-08-08 16:29:05 Warning: Warning (2): Cannot modify header information - headers already sent by (output started at C:\wamp\www\sesephil\cake\libs\debugger.php:686) in [C:\wamp\www\sesephil\cake\libs\controller\controller.php, line 742]
2016-08-15 04:09:16 Warning: Warning (2): session_destroy() [<a href='http://php.net/function.session-destroy'>function.session-destroy</a>]: Session object destruction failed in [C:\wamp\www\sesephil\cake\libs\cake_session.php, line 458]
2016-08-15 05:24:12 Warning: Warning (512): <span style="color:Red;text-align:left"><b>SQL Error:</b> 1054: Unknown column 'Manufacturer.modified' in 'order clause'</span> in [C:\wamp\www\sesephil\cake\libs\model\datasources\dbo_source.php, line 684]
2016-09-07 13:41:00 Warning: Warning (2): mysql_connect() [<a href='http://php.net/function.mysql-connect'>function.mysql-connect</a>]: No connection could be made because the target machine actively refused it.
 in [C:\wamp\www\sesephil\cake\libs\model\datasources\dbo\dbo_mysql.php, line 561]
2016-09-07 13:41:01 Warning: Warning (2): mysql_query() expects parameter 2 to be resource, boolean given in [C:\wamp\www\sesephil\cake\libs\model\datasources\dbo\dbo_mysql.php, line 613]
2016-09-07 13:41:04 Warning: Warning (2): mysql_connect() [<a href='http://php.net/function.mysql-connect'>function.mysql-connect</a>]: No connection could be made because the target machine actively refused it.
 in [C:\wamp\www\sesephil\cake\libs\model\datasources\dbo\dbo_mysql.php, line 561]
2016-09-07 13:41:04 Warning: Warning (2): mysql_query() expects parameter 2 to be resource, boolean given in [C:\wamp\www\sesephil\cake\libs\model\datasources\dbo\dbo_mysql.php, line 613]
2016-09-07 13:41:05 Warning: Warning (2): Cannot modify header information - headers already sent by (output started at C:\wamp\www\sesephil\cake\libs\debugger.php:686) in [C:\wamp\www\sesephil\cake\libs\controller\controller.php, line 742]
2017-01-22 18:47:38 Warning: Warning (2): mysql_connect() [<a href='http://php.net/function.mysql-connect'>function.mysql-connect</a>]: No connection could be made because the target machine actively refused it.
 in [C:\wamp\www\puregold\cake\libs\model\datasources\dbo\dbo_mysql.php, line 561]
2017-01-22 18:47:38 Warning: Warning (2): mysql_query() expects parameter 2 to be resource, boolean given in [C:\wamp\www\puregold\cake\libs\model\datasources\dbo\dbo_mysql.php, line 613]
2017-01-22 18:47:38 Warning: Warning (2): Cannot modify header information - headers already sent by (output started at C:\wamp\www\puregold\cake\libs\debugger.php:686) in [C:\wamp\www\puregold\cake\libs\controller\controller.php, line 742]
2017-01-23 16:27:44 Warning: Warning (2): Cannot use a scalar value as an array in [C:\wamp\www\balloon-nation\controllers\product_transactions_controller.php, line 137]
2017-01-23 16:28:11 Warning: Warning (2): Cannot use a scalar value as an array in [C:\wamp\www\balloon-nation\controllers\product_transactions_controller.php, line 137]
2017-01-24 15:43:26 Warning: Warning (2): mysql_connect() [<a href='http://php.net/function.mysql-connect'>function.mysql-connect</a>]: No connection could be made because the target machine actively refused it.
 in [C:\wamp\www\balloon-nation\cake\libs\model\datasources\dbo\dbo_mysql.php, line 561]
2017-01-24 15:43:27 Warning: Warning (2): mysql_query() expects parameter 2 to be resource, boolean given in [C:\wamp\www\balloon-nation\cake\libs\model\datasources\dbo\dbo_mysql.php, line 613]
2017-01-24 15:43:27 Warning: Warning (2): Cannot modify header information - headers already sent by (output started at C:\wamp\www\balloon-nation\cake\libs\debugger.php:686) in [C:\wamp\www\balloon-nation\cake\libs\controller\controller.php, line 742]
2017-01-24 15:43:28 Warning: Warning (2): mysql_connect() [<a href='http://php.net/function.mysql-connect'>function.mysql-connect</a>]: No connection could be made because the target machine actively refused it.
 in [C:\wamp\www\balloon-nation\cake\libs\model\datasources\dbo\dbo_mysql.php, line 561]
2017-01-24 15:43:28 Warning: Warning (2): mysql_query() expects parameter 2 to be resource, boolean given in [C:\wamp\www\balloon-nation\cake\libs\model\datasources\dbo\dbo_mysql.php, line 613]
2017-01-24 15:43:28 Warning: Warning (2): Cannot modify header information - headers already sent by (output started at C:\wamp\www\balloon-nation\cake\libs\debugger.php:686) in [C:\wamp\www\balloon-nation\cake\libs\controller\controller.php, line 742]
2017-01-24 19:30:00 Warning: Warning (2): unlink(C:\wamp\www\balloon-nation\tmp\cache\models\cake_model_default_balloonation_list) [<a href='http://php.net/function.unlink'>function.unlink</a>]: No such file or directory in [C:\wamp\www\balloon-nation\cake\libs\file.php, line 298]
2017-01-25 20:55:00 Warning: Warning (2): unlink(C:\wamp\www\balloon-nation\tmp\cache\persistent\cake_core_meio_upload_en-us) [<a href='http://php.net/function.unlink'>function.unlink</a>]: Permission denied in [C:\wamp\www\balloon-nation\cake\libs\file.php, line 298]
2017-01-25 20:55:00 Warning: Warning (2): unlink(C:\wamp\www\balloon-nation\tmp\cache\persistent\cake_core_meio_upload_en-us) [<a href='http://php.net/function.unlink'>function.unlink</a>]: No such file or directory in [C:\wamp\www\balloon-nation\cake\libs\file.php, line 298]
2017-01-26 17:08:20 Warning: Warning (2): unlink(C:\wamp\www\balloon-nation\tmp\cache\models\cake_model_default_contents) [<a href='http://php.net/function.unlink'>function.unlink</a>]: No such file or directory in [C:\wamp\www\balloon-nation\cake\libs\file.php, line 298]
